<?xml version="1.0" encoding="UTF-8"?>
<!-- Generated by org.testng.reporters.JUnitXMLReporter -->
<testsuite ignored="0" hostname="LAPTOP-PHV41HV1" failures="0" tests="2" name="BankingApp Test" time="39.147" errors="0" timestamp="2022-09-01T12:16:11 IST">
  <testcase classname="com.inetBanking.testCases.TC_LoginPage_001" name="loginTest" time="4.243"/>
  <testcase classname="com.inetBanking.testCases.TC_AddNewCustomer_003" name="addNewCustomer" time="16.724"/>
</testsuite> <!-- BankingApp Test -->
