<?xml version="1.0" encoding="UTF-8"?>
<testng-results ignored="0" total="2" passed="2" failed="0" skipped="0">
  <reporter-output>
  </reporter-output>
  <suite started-at="2022-09-01T12:15:32 IST" name="InetBankingV1" finished-at="2022-09-01T12:16:11 IST" duration-ms="39147">
    <groups>
    </groups>
    <test started-at="2022-09-01T12:15:32 IST" name="BankingApp Test" finished-at="2022-09-01T12:16:11 IST" duration-ms="39147">
      <class name="com.inetBanking.testCases.TC_AddNewCustomer_003">
        <test-method is-config="true" signature="setUp(java.lang.String)[pri:0, instance:com.inetBanking.testCases.TC_AddNewCustomer_003@6b927fb]" started-at="2022-09-01T12:15:45 IST" name="setUp" finished-at="2022-09-01T12:15:53 IST" duration-ms="8241" status="PASS">
          <params>
            <param index="0">
              <value>
                <![CDATA[chrome]]>
              </value>
            </param>
          </params>
          <reporter-output>
          </reporter-output>
        </test-method> <!-- setUp -->
        <test-method signature="addNewCustomer()[pri:0, instance:com.inetBanking.testCases.TC_AddNewCustomer_003@6b927fb]" started-at="2022-09-01T12:15:53 IST" name="addNewCustomer" finished-at="2022-09-01T12:16:10 IST" duration-ms="16724" status="PASS">
          <reporter-output>
          </reporter-output>
        </test-method> <!-- addNewCustomer -->
        <test-method is-config="true" signature="tearDown()[pri:0, instance:com.inetBanking.testCases.TC_AddNewCustomer_003@6b927fb]" started-at="2022-09-01T12:16:10 IST" name="tearDown" finished-at="2022-09-01T12:16:11 IST" duration-ms="804" status="PASS">
          <reporter-output>
          </reporter-output>
        </test-method> <!-- tearDown -->
      </class> <!-- com.inetBanking.testCases.TC_AddNewCustomer_003 -->
      <class name="com.inetBanking.testCases.TC_LoginPage_001">
        <test-method is-config="true" signature="setUp(java.lang.String)[pri:0, instance:com.inetBanking.testCases.TC_LoginPage_001@4567f35d]" started-at="2022-09-01T12:15:32 IST" name="setUp" finished-at="2022-09-01T12:15:40 IST" duration-ms="8341" status="PASS">
          <params>
            <param index="0">
              <value>
                <![CDATA[chrome]]>
              </value>
            </param>
          </params>
          <reporter-output>
          </reporter-output>
        </test-method> <!-- setUp -->
        <test-method signature="loginTest()[pri:0, instance:com.inetBanking.testCases.TC_LoginPage_001@4567f35d]" started-at="2022-09-01T12:15:40 IST" name="loginTest" finished-at="2022-09-01T12:15:44 IST" duration-ms="4243" status="PASS">
          <reporter-output>
          </reporter-output>
        </test-method> <!-- loginTest -->
        <test-method is-config="true" signature="tearDown()[pri:0, instance:com.inetBanking.testCases.TC_LoginPage_001@4567f35d]" started-at="2022-09-01T12:15:44 IST" name="tearDown" finished-at="2022-09-01T12:15:45 IST" duration-ms="734" status="PASS">
          <reporter-output>
          </reporter-output>
        </test-method> <!-- tearDown -->
      </class> <!-- com.inetBanking.testCases.TC_LoginPage_001 -->
    </test> <!-- BankingApp Test -->
  </suite> <!-- InetBankingV1 -->
</testng-results>
