<?xml version="1.0" encoding="UTF-8"?>
<testng-results ignored="0" total="6" passed="5" failed="1" skipped="0">
  <reporter-output>
  </reporter-output>
  <suite started-at="2022-08-31T12:04:12 IST" name="InetBankingV1" finished-at="2022-08-31T12:05:04 IST" duration-ms="51275">
    <groups>
    </groups>
    <test started-at="2022-08-31T12:04:12 IST" name="BankingApp Test" finished-at="2022-08-31T12:05:04 IST" duration-ms="51275">
      <class name="com.inetBanking.testCases.TC_LoginPage_001">
        <test-method is-config="true" signature="setUp(java.lang.String)[pri:0, instance:com.inetBanking.testCases.TC_LoginPage_001@4802796d]" started-at="2022-08-31T12:04:12 IST" name="setUp" finished-at="2022-08-31T12:04:21 IST" duration-ms="8303" status="PASS">
          <params>
            <param index="0">
              <value>
                <![CDATA[chrome]]>
              </value>
            </param>
          </params>
          <reporter-output>
          </reporter-output>
        </test-method> <!-- setUp -->
        <test-method signature="loginTest()[pri:0, instance:com.inetBanking.testCases.TC_LoginPage_001@4802796d]" started-at="2022-08-31T12:04:21 IST" name="loginTest" finished-at="2022-08-31T12:04:25 IST" duration-ms="4659" status="PASS">
          <reporter-output>
          </reporter-output>
        </test-method> <!-- loginTest -->
        <test-method is-config="true" signature="tearDown()[pri:0, instance:com.inetBanking.testCases.TC_LoginPage_001@4802796d]" started-at="2022-08-31T12:04:25 IST" name="tearDown" finished-at="2022-08-31T12:04:26 IST" duration-ms="762" status="PASS">
          <reporter-output>
          </reporter-output>
        </test-method> <!-- tearDown -->
      </class> <!-- com.inetBanking.testCases.TC_LoginPage_001 -->
      <class name="com.inetBanking.testCases.TC_LoginDDt_002">
        <test-method is-config="true" signature="setUp(java.lang.String)[pri:0, instance:com.inetBanking.testCases.TC_LoginDDt_002@397fbdb]" started-at="2022-08-31T12:04:26 IST" name="setUp" finished-at="2022-08-31T12:04:32 IST" duration-ms="5895" status="PASS">
          <params>
            <param index="0">
              <value>
                <![CDATA[chrome]]>
              </value>
            </param>
          </params>
          <reporter-output>
          </reporter-output>
        </test-method> <!-- setUp -->
        <test-method signature="loginDDT(java.lang.String,java.lang.String)[pri:0, instance:com.inetBanking.testCases.TC_LoginDDt_002@397fbdb]" started-at="2022-08-31T12:04:34 IST" name="loginDDT" data-provider="LoginData" finished-at="2022-08-31T12:04:42 IST" duration-ms="7743" status="PASS">
          <params>
            <param index="0">
              <value>
                <![CDATA[mngr434643]]>
              </value>
            </param>
            <param index="1">
              <value>
                <![CDATA[jygejur]]>
              </value>
            </param>
          </params>
          <reporter-output>
          </reporter-output>
        </test-method> <!-- loginDDT -->
        <test-method signature="loginDDT(java.lang.String,java.lang.String)[pri:0, instance:com.inetBanking.testCases.TC_LoginDDt_002@397fbdb]" started-at="2022-08-31T12:04:42 IST" name="loginDDT" data-provider="LoginData" finished-at="2022-08-31T12:04:43 IST" duration-ms="1396" status="FAIL">
          <params>
            <param index="0">
              <value>
                <![CDATA[mngr434643]]>
              </value>
            </param>
            <param index="1">
              <value>
                <![CDATA[jygejuf]]>
              </value>
            </param>
          </params>
          <exception class="org.openqa.selenium.UnhandledAlertException">
            <message>
              <![CDATA[unexpected alert open: {Alert text : User or Password is not valid}
  (Session info: chrome=104.0.5112.102): User or Password is not valid
Build info: version: '4.4.0', revision: 'e5c75ed026a'
System info: host: 'LAPTOP-PHV41HV1', ip: '192.168.0.106', os.name: 'Windows 10', os.arch: 'amd64', os.version: '10.0', java.version: '15.0.2'
Driver info: org.openqa.selenium.chrome.ChromeDriver
Command: [7c53ca7cb13ee1cf932027a775a61ea5, switchToFrame {id=null}]
Capabilities {acceptInsecureCerts: false, browserName: chrome, browserVersion: 104.0.5112.102, chrome: {chromedriverVersion: 104.0.5112.79 (3cf3e8c8a07d..., userDataDir: C:\Users\VEERAA~1\AppData\L...}, goog:chromeOptions: {debuggerAddress: localhost:58936}, networkConnectionEnabled: false, pageLoadStrategy: normal, platformName: WINDOWS, proxy: Proxy(), se:cdp: ws://localhost:58936/devtoo..., se:cdpVersion: 104.0.5112.102, setWindowRect: true, strictFileInteractability: false, timeouts: {implicit: 0, pageLoad: 300000, script: 30000}, unhandledPromptBehavior: dismiss and notify, webauthn:extension:credBlob: true, webauthn:extension:largeBlob: true, webauthn:virtualAuthenticators: true}
Session ID: 7c53ca7cb13ee1cf932027a775a61ea5]]>
            </message>
            <full-stacktrace>
              <![CDATA[org.openqa.selenium.UnhandledAlertException: unexpected alert open: {Alert text : User or Password is not valid}
  (Session info: chrome=104.0.5112.102): User or Password is not valid
Build info: version: '4.4.0', revision: 'e5c75ed026a'
System info: host: 'LAPTOP-PHV41HV1', ip: '192.168.0.106', os.name: 'Windows 10', os.arch: 'amd64', os.version: '10.0', java.version: '15.0.2'
Driver info: org.openqa.selenium.chrome.ChromeDriver
Command: [7c53ca7cb13ee1cf932027a775a61ea5, switchToFrame {id=null}]
Capabilities {acceptInsecureCerts: false, browserName: chrome, browserVersion: 104.0.5112.102, chrome: {chromedriverVersion: 104.0.5112.79 (3cf3e8c8a07d..., userDataDir: C:\Users\VEERAA~1\AppData\L...}, goog:chromeOptions: {debuggerAddress: localhost:58936}, networkConnectionEnabled: false, pageLoadStrategy: normal, platformName: WINDOWS, proxy: Proxy(), se:cdp: ws://localhost:58936/devtoo..., se:cdpVersion: 104.0.5112.102, setWindowRect: true, strictFileInteractability: false, timeouts: {implicit: 0, pageLoad: 300000, script: 30000}, unhandledPromptBehavior: dismiss and notify, webauthn:extension:credBlob: true, webauthn:extension:largeBlob: true, webauthn:virtualAuthenticators: true}
Session ID: 7c53ca7cb13ee1cf932027a775a61ea5
at org.openqa.selenium.remote.codec.w3c.W3CHttpResponseCodec.decode(W3CHttpResponseCodec.java:131)
at org.openqa.selenium.remote.codec.w3c.W3CHttpResponseCodec.decode(W3CHttpResponseCodec.java:53)
at org.openqa.selenium.remote.HttpCommandExecutor.execute(HttpCommandExecutor.java:184)
at org.openqa.selenium.remote.service.DriverCommandExecutor.invokeExecute(DriverCommandExecutor.java:167)
at org.openqa.selenium.remote.service.DriverCommandExecutor.execute(DriverCommandExecutor.java:142)
at org.openqa.selenium.remote.RemoteWebDriver.execute(RemoteWebDriver.java:547)
at org.openqa.selenium.remote.RemoteWebDriver$RemoteTargetLocator.defaultContent(RemoteWebDriver.java:1116)
at com.inetBanking.testCases.TC_LoginDDt_002.loginDDT(TC_LoginDDt_002.java:34)
at java.base/jdk.internal.reflect.NativeMethodAccessorImpl.invoke0(Native Method)
at java.base/jdk.internal.reflect.NativeMethodAccessorImpl.invoke(NativeMethodAccessorImpl.java:64)
at java.base/jdk.internal.reflect.DelegatingMethodAccessorImpl.invoke(DelegatingMethodAccessorImpl.java:43)
at java.base/java.lang.reflect.Method.invoke(Method.java:564)
at org.testng.internal.invokers.MethodInvocationHelper.invokeMethod(MethodInvocationHelper.java:139)
at org.testng.internal.invokers.TestInvoker.invokeMethod(TestInvoker.java:677)
at org.testng.internal.invokers.TestInvoker.invokeTestMethod(TestInvoker.java:221)
at org.testng.internal.invokers.MethodRunner.runInSequence(MethodRunner.java:50)
at org.testng.internal.invokers.TestInvoker$MethodInvocationAgent.invoke(TestInvoker.java:962)
at org.testng.internal.invokers.TestInvoker.invokeTestMethods(TestInvoker.java:194)
at org.testng.internal.invokers.TestMethodWorker.invokeTestMethods(TestMethodWorker.java:148)
at org.testng.internal.invokers.TestMethodWorker.run(TestMethodWorker.java:128)
at java.base/java.util.ArrayList.forEach(ArrayList.java:1511)
at org.testng.TestRunner.privateRun(TestRunner.java:806)
at org.testng.TestRunner.run(TestRunner.java:601)
at org.testng.SuiteRunner.runTest(SuiteRunner.java:433)
at org.testng.SuiteRunner.runSequentially(SuiteRunner.java:427)
at org.testng.SuiteRunner.privateRun(SuiteRunner.java:387)
at org.testng.SuiteRunner.run(SuiteRunner.java:330)
at org.testng.SuiteRunnerWorker.runSuite(SuiteRunnerWorker.java:52)
at org.testng.SuiteRunnerWorker.run(SuiteRunnerWorker.java:95)
at org.testng.TestNG.runSuitesSequentially(TestNG.java:1256)
at org.testng.TestNG.runSuitesLocally(TestNG.java:1176)
at org.testng.TestNG.runSuites(TestNG.java:1099)
at org.testng.TestNG.run(TestNG.java:1067)
at org.testng.remote.AbstractRemoteTestNG.run(AbstractRemoteTestNG.java:115)
at org.testng.remote.RemoteTestNG.initAndRun(RemoteTestNG.java:251)
at org.testng.remote.RemoteTestNG.main(RemoteTestNG.java:77)
]]>
            </full-stacktrace>
          </exception> <!-- org.openqa.selenium.UnhandledAlertException -->
          <reporter-output>
          </reporter-output>
        </test-method> <!-- loginDDT -->
        <test-method signature="loginDDT(java.lang.String,java.lang.String)[pri:0, instance:com.inetBanking.testCases.TC_LoginDDt_002@397fbdb]" started-at="2022-08-31T12:04:43 IST" name="loginDDT" data-provider="LoginData" finished-at="2022-08-31T12:04:52 IST" duration-ms="8446" status="PASS">
          <params>
            <param index="0">
              <value>
                <![CDATA[mngr434643]]>
              </value>
            </param>
            <param index="1">
              <value>
                <![CDATA[jygejur]]>
              </value>
            </param>
          </params>
          <reporter-output>
          </reporter-output>
        </test-method> <!-- loginDDT -->
        <test-method signature="loginDDT(java.lang.String,java.lang.String)[pri:0, instance:com.inetBanking.testCases.TC_LoginDDt_002@397fbdb]" started-at="2022-08-31T12:04:52 IST" name="loginDDT" data-provider="LoginData" finished-at="2022-08-31T12:04:57 IST" duration-ms="5437" status="PASS">
          <params>
            <param index="0">
              <value>
                <![CDATA[mngr434643]]>
              </value>
            </param>
            <param index="1">
              <value>
                <![CDATA[jygejur]]>
              </value>
            </param>
          </params>
          <reporter-output>
          </reporter-output>
        </test-method> <!-- loginDDT -->
        <test-method signature="loginDDT(java.lang.String,java.lang.String)[pri:0, instance:com.inetBanking.testCases.TC_LoginDDt_002@397fbdb]" started-at="2022-08-31T12:04:57 IST" name="loginDDT" data-provider="LoginData" finished-at="2022-08-31T12:05:03 IST" duration-ms="5778" status="PASS">
          <params>
            <param index="0">
              <value>
                <![CDATA[mngr434643]]>
              </value>
            </param>
            <param index="1">
              <value>
                <![CDATA[jygejur]]>
              </value>
            </param>
          </params>
          <reporter-output>
          </reporter-output>
        </test-method> <!-- loginDDT -->
        <test-method is-config="true" signature="tearDown()[pri:0, instance:com.inetBanking.testCases.TC_LoginDDt_002@397fbdb]" started-at="2022-08-31T12:05:03 IST" name="tearDown" finished-at="2022-08-31T12:05:04 IST" duration-ms="783" status="PASS">
          <reporter-output>
          </reporter-output>
        </test-method> <!-- tearDown -->
      </class> <!-- com.inetBanking.testCases.TC_LoginDDt_002 -->
    </test> <!-- BankingApp Test -->
  </suite> <!-- InetBankingV1 -->
</testng-results>
